<?xml version="1.0" encoding="UTF-8"?>
<!-- Generated by org.testng.reporters.JUnitXMLReporter -->
<testsuite ignored="0" hostname="DESKTOP-9KVBAMM" failures="1" tests="1" name="Surefire test" time="0.086" errors="0" timestamp="2025-05-07T19:27:55 IST">
  <testcase classname="com.example.books.BookServiseTest" name="testGetBookReturnsNonEmptyLists" time="0.017">
    <failure type="java.lang.AssertionError" message="expected [The Great Gatsby] but found [The Great Gats]">
      <![CDATA[java.lang.AssertionError: expected [The Great Gatsby] but found [The Great Gats]
at com.example.books.BookServiseTest.testGetBookReturnsNonEmptyLists(BookServiseTest.java:21)
at java.base/java.util.ArrayList.forEach(ArrayList.java:1511)
... Removed 38 stack frames]]>
    </failure>
  </testcase> <!-- testGetBookReturnsNonEmptyLists -->
</testsuite> <!-- Surefire test -->
