<?xml version="1.0" encoding="UTF-8"?>
<testng-results ignored="0" total="1" passed="1" failed="0" skipped="0">
  <reporter-output>
  </reporter-output>
  <suite started-at="2025-05-06T15:44:55 IST" name="Default suite" finished-at="2025-05-06T15:44:56 IST" duration-ms="77">
    <groups>
    </groups>
    <test started-at="2025-05-06T15:44:55 IST" name="Default test" finished-at="2025-05-06T15:44:56 IST" duration-ms="77">
      <class name="com.example.books.BookServiseTest">
        <test-method signature="testGetBookReturnsNonEmptyLists()[pri:0, instance:com.example.books.BookServiseTest@10959ece]" started-at="2025-05-06T15:44:56 IST" name="testGetBookReturnsNonEmptyLists" finished-at="2025-05-06T15:44:56 IST" duration-ms="17" status="PASS">
          <reporter-output>
          </reporter-output>
        </test-method> <!-- testGetBookReturnsNonEmptyLists -->
      </class> <!-- com.example.books.BookServiseTest -->
    </test> <!-- Default test -->
  </suite> <!-- Default suite -->
</testng-results>
